2019-10-23 12:47:55,338 INFO com.EMS.TimetrackerApplication [main] Starting TimetrackerApplication on TID003 with PID 11452 (D:\EMS-GIT\target\classes started by r.renjith in D:\EMS-GIT)
2019-10-23 12:47:55,340 DEBUG com.EMS.TimetrackerApplication [main] Running with Spring Boot v2.1.3.RELEASE, Spring v5.1.5.RELEASE
2019-10-23 12:47:55,341 INFO com.EMS.TimetrackerApplication [main] No active profile set, falling back to default profiles: default
2019-10-23 12:47:57,914 INFO org.apache.catalina.core.StandardService [main] Starting service [Tomcat]
2019-10-23 12:47:57,914 INFO org.apache.catalina.core.StandardEngine [main] Starting Servlet engine: [Apache Tomcat/9.0.16]
2019-10-23 12:47:57,923 INFO org.apache.catalina.core.AprLifecycleListener [main] The APR based Apache Tomcat Native library which allows optimal performance in production environments was not found on the java.library.path: [C:\Program Files\Java\jre1.8.0_231\bin;C:\WINDOWS\Sun\Java\bin;C:\WINDOWS\system32;C:\WINDOWS;C:/Program Files/Java/jre1.8.0_231/bin/server;C:/Program Files/Java/jre1.8.0_231/bin;C:/Program Files/Java/jre1.8.0_231/lib/amd64;C:\ProgramData\Anaconda3;C:\ProgramData\Anaconda3\Library\mingw-w64\bin;C:\ProgramData\Anaconda3\Library\usr\bin;C:\ProgramData\Anaconda3\Library\bin;C:\ProgramData\Anaconda3\Scripts;C:\Program Files (x86)\Common Files\Oracle\Java\javapath;C:\WINDOWS\system32;C:\WINDOWS;C:\WINDOWS\System32\Wbem;C:\WINDOWS\System32\WindowsPowerShell\v1.0\;C:\WINDOWS\System32\OpenSSH\;C:\Program Files\PuTTY\;C:\Program Files\Java\jre1.8.0_201\bin;C:\Program Files\Amazon\AWSCLI\bin\;C:\zookeeper-3.5.4\bin;C:\MinGW\bin;C:\Program Files (x86)\Gow\bin;C:\spark\spark\bin;C:\spark\scala\bin;C:\Program Files (x86)\Jitterbit Agent\bin;C:\Program Files (x86)\Jitterbit Agent\axis\lib;C:\Users\r.renjith\AppData\Local\Microsoft\WindowsApps;C:\Users\r.renjith\AppData\Local\Programs\Git\cmd;D:\EMS\eclipse;;.]
2019-10-23 12:47:58,118 INFO org.apache.catalina.core.ContainerBase.[Tomcat].[localhost].[/] [main] Initializing Spring embedded WebApplicationContext
2019-10-23 12:47:58,286 INFO com.zaxxer.hikari.HikariDataSource [main] HikariPool-1 - Starting...
2019-10-23 12:47:58,765 INFO com.zaxxer.hikari.HikariDataSource [main] HikariPool-1 - Start completed.
2019-10-23 12:47:58,822 INFO org.hibernate.jpa.internal.util.LogHelper [main] HHH000204: Processing PersistenceUnitInfo [
	name: default
	...]
2019-10-23 12:47:58,937 INFO org.hibernate.Version [main] HHH000412: Hibernate Core {5.3.7.Final}
2019-10-23 12:47:58,943 INFO org.hibernate.cfg.Environment [main] HHH000206: hibernate.properties not found
2019-10-23 12:47:59,146 INFO org.hibernate.annotations.common.Version [main] HCANN000001: Hibernate Commons Annotations {5.0.4.Final}
2019-10-23 12:47:59,342 INFO org.hibernate.dialect.Dialect [main] HHH000400: Using dialect: org.hibernate.dialect.MySQL5Dialect
2019-10-23 12:48:04,090 INFO org.hibernate.hql.internal.QueryTranslatorFactoryInitiator [main] HHH000397: Using ASTQueryTranslatorFactory
2019-10-23 12:48:04,810 INFO com.zaxxer.hikari.HikariDataSource [main] HikariPool-1 - Shutdown initiated...
2019-10-23 12:48:04,819 INFO com.zaxxer.hikari.HikariDataSource [main] HikariPool-1 - Shutdown completed.
2019-10-23 12:48:04,820 INFO org.apache.catalina.core.StandardService [main] Stopping service [Tomcat]
2019-10-23 12:48:04,912 ERROR org.springframework.boot.diagnostics.LoggingFailureAnalysisReporter [main] 

***************************
APPLICATION FAILED TO START
***************************

Description:

Field projectRegionService in com.EMS.controller.ProjectAllocationController required a bean of type 'com.EMS.service.ProjectRegionService' that could not be found.

The injection point has the following annotations:
	- @org.springframework.beans.factory.annotation.Autowired(required=true)


Action:

Consider defining a bean of type 'com.EMS.service.ProjectRegionService' in your configuration.

2019-10-23 12:48:53,158 INFO com.EMS.TimetrackerApplication [main] Starting TimetrackerApplication on TID003 with PID 11376 (D:\EMS-GIT\target\classes started by r.renjith in D:\EMS-GIT)
2019-10-23 12:48:53,160 DEBUG com.EMS.TimetrackerApplication [main] Running with Spring Boot v2.1.3.RELEASE, Spring v5.1.5.RELEASE
2019-10-23 12:48:53,161 INFO com.EMS.TimetrackerApplication [main] No active profile set, falling back to default profiles: default
2019-10-23 12:48:54,991 INFO org.apache.catalina.core.StandardService [main] Starting service [Tomcat]
2019-10-23 12:48:54,991 INFO org.apache.catalina.core.StandardEngine [main] Starting Servlet engine: [Apache Tomcat/9.0.16]
2019-10-23 12:48:55,001 INFO org.apache.catalina.core.AprLifecycleListener [main] The APR based Apache Tomcat Native library which allows optimal performance in production environments was not found on the java.library.path: [C:\Program Files\Java\jre1.8.0_231\bin;C:\WINDOWS\Sun\Java\bin;C:\WINDOWS\system32;C:\WINDOWS;C:/Program Files/Java/jre1.8.0_231/bin/server;C:/Program Files/Java/jre1.8.0_231/bin;C:/Program Files/Java/jre1.8.0_231/lib/amd64;C:\ProgramData\Anaconda3;C:\ProgramData\Anaconda3\Library\mingw-w64\bin;C:\ProgramData\Anaconda3\Library\usr\bin;C:\ProgramData\Anaconda3\Library\bin;C:\ProgramData\Anaconda3\Scripts;C:\Program Files (x86)\Common Files\Oracle\Java\javapath;C:\WINDOWS\system32;C:\WINDOWS;C:\WINDOWS\System32\Wbem;C:\WINDOWS\System32\WindowsPowerShell\v1.0\;C:\WINDOWS\System32\OpenSSH\;C:\Program Files\PuTTY\;C:\Program Files\Java\jre1.8.0_201\bin;C:\Program Files\Amazon\AWSCLI\bin\;C:\zookeeper-3.5.4\bin;C:\MinGW\bin;C:\Program Files (x86)\Gow\bin;C:\spark\spark\bin;C:\spark\scala\bin;C:\Program Files (x86)\Jitterbit Agent\bin;C:\Program Files (x86)\Jitterbit Agent\axis\lib;C:\Users\r.renjith\AppData\Local\Microsoft\WindowsApps;C:\Users\r.renjith\AppData\Local\Programs\Git\cmd;D:\EMS\eclipse;;.]
2019-10-23 12:48:55,202 INFO org.apache.catalina.core.ContainerBase.[Tomcat].[localhost].[/] [main] Initializing Spring embedded WebApplicationContext
2019-10-23 12:48:55,377 INFO com.zaxxer.hikari.HikariDataSource [main] HikariPool-1 - Starting...
2019-10-23 12:48:55,865 INFO com.zaxxer.hikari.HikariDataSource [main] HikariPool-1 - Start completed.
2019-10-23 12:48:55,929 INFO org.hibernate.jpa.internal.util.LogHelper [main] HHH000204: Processing PersistenceUnitInfo [
	name: default
	...]
2019-10-23 12:48:56,020 INFO org.hibernate.Version [main] HHH000412: Hibernate Core {5.3.7.Final}
2019-10-23 12:48:56,022 INFO org.hibernate.cfg.Environment [main] HHH000206: hibernate.properties not found
2019-10-23 12:48:56,271 INFO org.hibernate.annotations.common.Version [main] HCANN000001: Hibernate Commons Annotations {5.0.4.Final}
2019-10-23 12:48:56,473 INFO org.hibernate.dialect.Dialect [main] HHH000400: Using dialect: org.hibernate.dialect.MySQL5Dialect
2019-10-23 12:49:01,328 INFO org.hibernate.hql.internal.QueryTranslatorFactoryInitiator [main] HHH000397: Using ASTQueryTranslatorFactory
2019-10-23 12:49:02,069 INFO com.zaxxer.hikari.HikariDataSource [main] HikariPool-1 - Shutdown initiated...
2019-10-23 12:49:02,075 INFO com.zaxxer.hikari.HikariDataSource [main] HikariPool-1 - Shutdown completed.
2019-10-23 12:49:02,077 INFO org.apache.catalina.core.StandardService [main] Stopping service [Tomcat]
2019-10-23 12:49:02,168 ERROR org.springframework.boot.diagnostics.LoggingFailureAnalysisReporter [main] 

***************************
APPLICATION FAILED TO START
***************************

Description:

Field projectRegionService in com.EMS.controller.ProjectAllocationController required a bean of type 'com.EMS.service.ProjectRegionService' that could not be found.

The injection point has the following annotations:
	- @org.springframework.beans.factory.annotation.Autowired(required=true)


Action:

Consider defining a bean of type 'com.EMS.service.ProjectRegionService' in your configuration.

2019-10-23 12:51:49,251 INFO com.EMS.TimetrackerApplication [main] Starting TimetrackerApplication on TID003 with PID 15004 (D:\EMS-GIT\target\classes started by r.renjith in D:\EMS-GIT)
2019-10-23 12:51:49,253 DEBUG com.EMS.TimetrackerApplication [main] Running with Spring Boot v2.1.3.RELEASE, Spring v5.1.5.RELEASE
2019-10-23 12:51:49,254 INFO com.EMS.TimetrackerApplication [main] No active profile set, falling back to default profiles: default
2019-10-23 12:51:51,147 INFO org.apache.catalina.core.StandardService [main] Starting service [Tomcat]
2019-10-23 12:51:51,148 INFO org.apache.catalina.core.StandardEngine [main] Starting Servlet engine: [Apache Tomcat/9.0.16]
2019-10-23 12:51:51,157 INFO org.apache.catalina.core.AprLifecycleListener [main] The APR based Apache Tomcat Native library which allows optimal performance in production environments was not found on the java.library.path: [C:\Program Files\Java\jre1.8.0_231\bin;C:\WINDOWS\Sun\Java\bin;C:\WINDOWS\system32;C:\WINDOWS;C:/Program Files/Java/jre1.8.0_231/bin/server;C:/Program Files/Java/jre1.8.0_231/bin;C:/Program Files/Java/jre1.8.0_231/lib/amd64;C:\ProgramData\Anaconda3;C:\ProgramData\Anaconda3\Library\mingw-w64\bin;C:\ProgramData\Anaconda3\Library\usr\bin;C:\ProgramData\Anaconda3\Library\bin;C:\ProgramData\Anaconda3\Scripts;C:\Program Files (x86)\Common Files\Oracle\Java\javapath;C:\WINDOWS\system32;C:\WINDOWS;C:\WINDOWS\System32\Wbem;C:\WINDOWS\System32\WindowsPowerShell\v1.0\;C:\WINDOWS\System32\OpenSSH\;C:\Program Files\PuTTY\;C:\Program Files\Java\jre1.8.0_201\bin;C:\Program Files\Amazon\AWSCLI\bin\;C:\zookeeper-3.5.4\bin;C:\MinGW\bin;C:\Program Files (x86)\Gow\bin;C:\spark\spark\bin;C:\spark\scala\bin;C:\Program Files (x86)\Jitterbit Agent\bin;C:\Program Files (x86)\Jitterbit Agent\axis\lib;C:\Users\r.renjith\AppData\Local\Microsoft\WindowsApps;C:\Users\r.renjith\AppData\Local\Programs\Git\cmd;D:\EMS\eclipse;;.]
2019-10-23 12:51:51,345 INFO org.apache.catalina.core.ContainerBase.[Tomcat].[localhost].[/] [main] Initializing Spring embedded WebApplicationContext
2019-10-23 12:51:51,509 INFO com.zaxxer.hikari.HikariDataSource [main] HikariPool-1 - Starting...
2019-10-23 12:51:51,988 INFO com.zaxxer.hikari.HikariDataSource [main] HikariPool-1 - Start completed.
2019-10-23 12:51:52,047 INFO org.hibernate.jpa.internal.util.LogHelper [main] HHH000204: Processing PersistenceUnitInfo [
	name: default
	...]
2019-10-23 12:51:52,136 INFO org.hibernate.Version [main] HHH000412: Hibernate Core {5.3.7.Final}
2019-10-23 12:51:52,151 INFO org.hibernate.cfg.Environment [main] HHH000206: hibernate.properties not found
2019-10-23 12:51:52,376 INFO org.hibernate.annotations.common.Version [main] HCANN000001: Hibernate Commons Annotations {5.0.4.Final}
2019-10-23 12:51:52,558 INFO org.hibernate.dialect.Dialect [main] HHH000400: Using dialect: org.hibernate.dialect.MySQL5Dialect
2019-10-23 12:51:56,736 INFO org.hibernate.hql.internal.QueryTranslatorFactoryInitiator [main] HHH000397: Using ASTQueryTranslatorFactory
2019-10-23 12:51:58,295 INFO com.EMS.TimetrackerApplication [main] Started TimetrackerApplication in 9.421 seconds (JVM running for 9.818)
2019-10-23 12:52:51,151 INFO com.EMS.TimetrackerApplication [main] Starting TimetrackerApplication on TID003 with PID 15812 (D:\EMS-GIT\target\classes started by r.renjith in D:\EMS-GIT)
2019-10-23 12:52:51,155 DEBUG com.EMS.TimetrackerApplication [main] Running with Spring Boot v2.1.3.RELEASE, Spring v5.1.5.RELEASE
2019-10-23 12:52:51,156 INFO com.EMS.TimetrackerApplication [main] No active profile set, falling back to default profiles: default
2019-10-23 12:52:53,464 INFO org.apache.catalina.core.StandardService [main] Starting service [Tomcat]
2019-10-23 12:52:53,464 INFO org.apache.catalina.core.StandardEngine [main] Starting Servlet engine: [Apache Tomcat/9.0.16]
2019-10-23 12:52:53,475 INFO org.apache.catalina.core.AprLifecycleListener [main] The APR based Apache Tomcat Native library which allows optimal performance in production environments was not found on the java.library.path: [C:\Program Files\Java\jre1.8.0_231\bin;C:\WINDOWS\Sun\Java\bin;C:\WINDOWS\system32;C:\WINDOWS;C:/Program Files/Java/jre1.8.0_231/bin/server;C:/Program Files/Java/jre1.8.0_231/bin;C:/Program Files/Java/jre1.8.0_231/lib/amd64;C:\ProgramData\Anaconda3;C:\ProgramData\Anaconda3\Library\mingw-w64\bin;C:\ProgramData\Anaconda3\Library\usr\bin;C:\ProgramData\Anaconda3\Library\bin;C:\ProgramData\Anaconda3\Scripts;C:\Program Files (x86)\Common Files\Oracle\Java\javapath;C:\WINDOWS\system32;C:\WINDOWS;C:\WINDOWS\System32\Wbem;C:\WINDOWS\System32\WindowsPowerShell\v1.0\;C:\WINDOWS\System32\OpenSSH\;C:\Program Files\PuTTY\;C:\Program Files\Java\jre1.8.0_201\bin;C:\Program Files\Amazon\AWSCLI\bin\;C:\zookeeper-3.5.4\bin;C:\MinGW\bin;C:\Program Files (x86)\Gow\bin;C:\spark\spark\bin;C:\spark\scala\bin;C:\Program Files (x86)\Jitterbit Agent\bin;C:\Program Files (x86)\Jitterbit Agent\axis\lib;C:\Users\r.renjith\AppData\Local\Microsoft\WindowsApps;C:\Users\r.renjith\AppData\Local\Programs\Git\cmd;D:\EMS\eclipse;;.]
2019-10-23 12:52:53,604 INFO org.apache.catalina.core.ContainerBase.[Tomcat].[localhost].[/] [main] Initializing Spring embedded WebApplicationContext
2019-10-23 12:52:53,806 INFO com.zaxxer.hikari.HikariDataSource [main] HikariPool-1 - Starting...
2019-10-23 12:52:54,384 INFO com.zaxxer.hikari.HikariDataSource [main] HikariPool-1 - Start completed.
2019-10-23 12:52:54,453 INFO org.hibernate.jpa.internal.util.LogHelper [main] HHH000204: Processing PersistenceUnitInfo [
	name: default
	...]
2019-10-23 12:52:54,607 INFO org.hibernate.Version [main] HHH000412: Hibernate Core {5.3.7.Final}
2019-10-23 12:52:54,625 INFO org.hibernate.cfg.Environment [main] HHH000206: hibernate.properties not found
2019-10-23 12:52:54,841 INFO org.hibernate.annotations.common.Version [main] HCANN000001: Hibernate Commons Annotations {5.0.4.Final}
2019-10-23 12:52:55,072 INFO org.hibernate.dialect.Dialect [main] HHH000400: Using dialect: org.hibernate.dialect.MySQL5Dialect
2019-10-23 12:53:00,368 INFO org.hibernate.hql.internal.QueryTranslatorFactoryInitiator [main] HHH000397: Using ASTQueryTranslatorFactory
2019-10-23 12:53:02,374 INFO com.EMS.TimetrackerApplication [main] Started TimetrackerApplication in 11.688 seconds (JVM running for 12.775)
2019-10-23 12:53:09,842 INFO org.apache.catalina.core.ContainerBase.[Tomcat].[localhost].[/] [http-nio-8080-exec-1] Initializing Spring DispatcherServlet 'dispatcherServlet'
2019-10-23 13:00:43,566 INFO com.EMS.TimetrackerApplication [main] Starting TimetrackerApplication on TID003 with PID 6764 (D:\EMS-GIT\target\classes started by r.renjith in D:\EMS-GIT)
2019-10-23 13:00:43,572 DEBUG com.EMS.TimetrackerApplication [main] Running with Spring Boot v2.1.3.RELEASE, Spring v5.1.5.RELEASE
2019-10-23 13:00:43,573 INFO com.EMS.TimetrackerApplication [main] No active profile set, falling back to default profiles: default
2019-10-23 13:00:45,839 INFO org.apache.catalina.core.StandardService [main] Starting service [Tomcat]
2019-10-23 13:00:45,840 INFO org.apache.catalina.core.StandardEngine [main] Starting Servlet engine: [Apache Tomcat/9.0.16]
2019-10-23 13:00:45,850 INFO org.apache.catalina.core.AprLifecycleListener [main] The APR based Apache Tomcat Native library which allows optimal performance in production environments was not found on the java.library.path: [C:\Program Files\Java\jre1.8.0_231\bin;C:\WINDOWS\Sun\Java\bin;C:\WINDOWS\system32;C:\WINDOWS;C:/Program Files/Java/jre1.8.0_231/bin/server;C:/Program Files/Java/jre1.8.0_231/bin;C:/Program Files/Java/jre1.8.0_231/lib/amd64;C:\ProgramData\Anaconda3;C:\ProgramData\Anaconda3\Library\mingw-w64\bin;C:\ProgramData\Anaconda3\Library\usr\bin;C:\ProgramData\Anaconda3\Library\bin;C:\ProgramData\Anaconda3\Scripts;C:\Program Files (x86)\Common Files\Oracle\Java\javapath;C:\WINDOWS\system32;C:\WINDOWS;C:\WINDOWS\System32\Wbem;C:\WINDOWS\System32\WindowsPowerShell\v1.0\;C:\WINDOWS\System32\OpenSSH\;C:\Program Files\PuTTY\;C:\Program Files\Java\jre1.8.0_201\bin;C:\Program Files\Amazon\AWSCLI\bin\;C:\zookeeper-3.5.4\bin;C:\MinGW\bin;C:\Program Files (x86)\Gow\bin;C:\spark\spark\bin;C:\spark\scala\bin;C:\Program Files (x86)\Jitterbit Agent\bin;C:\Program Files (x86)\Jitterbit Agent\axis\lib;C:\Users\r.renjith\AppData\Local\Microsoft\WindowsApps;C:\Users\r.renjith\AppData\Local\Programs\Git\cmd;D:\EMS\eclipse;;.]
2019-10-23 13:00:45,978 INFO org.apache.catalina.core.ContainerBase.[Tomcat].[localhost].[/] [main] Initializing Spring embedded WebApplicationContext
2019-10-23 13:00:46,205 INFO com.zaxxer.hikari.HikariDataSource [main] HikariPool-1 - Starting...
2019-10-23 13:00:46,711 INFO com.zaxxer.hikari.HikariDataSource [main] HikariPool-1 - Start completed.
2019-10-23 13:00:46,781 INFO org.hibernate.jpa.internal.util.LogHelper [main] HHH000204: Processing PersistenceUnitInfo [
	name: default
	...]
2019-10-23 13:00:46,918 INFO org.hibernate.Version [main] HHH000412: Hibernate Core {5.3.7.Final}
2019-10-23 13:00:46,920 INFO org.hibernate.cfg.Environment [main] HHH000206: hibernate.properties not found
2019-10-23 13:00:47,182 INFO org.hibernate.annotations.common.Version [main] HCANN000001: Hibernate Commons Annotations {5.0.4.Final}
2019-10-23 13:00:47,422 INFO org.hibernate.dialect.Dialect [main] HHH000400: Using dialect: org.hibernate.dialect.MySQL5Dialect
2019-10-23 13:00:52,818 INFO org.hibernate.hql.internal.QueryTranslatorFactoryInitiator [main] HHH000397: Using ASTQueryTranslatorFactory
2019-10-23 13:00:54,875 INFO com.EMS.TimetrackerApplication [main] Started TimetrackerApplication in 11.732 seconds (JVM running for 12.219)
2019-10-23 13:00:55,688 INFO org.apache.catalina.core.ContainerBase.[Tomcat].[localhost].[/] [http-nio-8080-exec-1] Initializing Spring DispatcherServlet 'dispatcherServlet'
2019-10-23 13:02:38,007 INFO com.EMS.TimetrackerApplication [main] Starting TimetrackerApplication on TID003 with PID 9408 (D:\EMS-GIT\target\classes started by r.renjith in D:\EMS-GIT)
2019-10-23 13:02:38,011 DEBUG com.EMS.TimetrackerApplication [main] Running with Spring Boot v2.1.3.RELEASE, Spring v5.1.5.RELEASE
2019-10-23 13:02:38,018 INFO com.EMS.TimetrackerApplication [main] No active profile set, falling back to default profiles: default
2019-10-23 13:02:40,411 INFO org.apache.catalina.core.StandardService [main] Starting service [Tomcat]
2019-10-23 13:02:40,412 INFO org.apache.catalina.core.StandardEngine [main] Starting Servlet engine: [Apache Tomcat/9.0.16]
2019-10-23 13:02:40,423 INFO org.apache.catalina.core.AprLifecycleListener [main] The APR based Apache Tomcat Native library which allows optimal performance in production environments was not found on the java.library.path: [C:\Program Files\Java\jre1.8.0_231\bin;C:\WINDOWS\Sun\Java\bin;C:\WINDOWS\system32;C:\WINDOWS;C:/Program Files/Java/jre1.8.0_231/bin/server;C:/Program Files/Java/jre1.8.0_231/bin;C:/Program Files/Java/jre1.8.0_231/lib/amd64;C:\ProgramData\Anaconda3;C:\ProgramData\Anaconda3\Library\mingw-w64\bin;C:\ProgramData\Anaconda3\Library\usr\bin;C:\ProgramData\Anaconda3\Library\bin;C:\ProgramData\Anaconda3\Scripts;C:\Program Files (x86)\Common Files\Oracle\Java\javapath;C:\WINDOWS\system32;C:\WINDOWS;C:\WINDOWS\System32\Wbem;C:\WINDOWS\System32\WindowsPowerShell\v1.0\;C:\WINDOWS\System32\OpenSSH\;C:\Program Files\PuTTY\;C:\Program Files\Java\jre1.8.0_201\bin;C:\Program Files\Amazon\AWSCLI\bin\;C:\zookeeper-3.5.4\bin;C:\MinGW\bin;C:\Program Files (x86)\Gow\bin;C:\spark\spark\bin;C:\spark\scala\bin;C:\Program Files (x86)\Jitterbit Agent\bin;C:\Program Files (x86)\Jitterbit Agent\axis\lib;C:\Users\r.renjith\AppData\Local\Microsoft\WindowsApps;C:\Users\r.renjith\AppData\Local\Programs\Git\cmd;D:\EMS\eclipse;;.]
2019-10-23 13:02:40,558 INFO org.apache.catalina.core.ContainerBase.[Tomcat].[localhost].[/] [main] Initializing Spring embedded WebApplicationContext
2019-10-23 13:02:40,766 INFO com.zaxxer.hikari.HikariDataSource [main] HikariPool-1 - Starting...
2019-10-23 13:02:41,279 INFO com.zaxxer.hikari.HikariDataSource [main] HikariPool-1 - Start completed.
2019-10-23 13:02:41,342 INFO org.hibernate.jpa.internal.util.LogHelper [main] HHH000204: Processing PersistenceUnitInfo [
	name: default
	...]
2019-10-23 13:02:41,483 INFO org.hibernate.Version [main] HHH000412: Hibernate Core {5.3.7.Final}
2019-10-23 13:02:41,485 INFO org.hibernate.cfg.Environment [main] HHH000206: hibernate.properties not found
2019-10-23 13:02:41,717 INFO org.hibernate.annotations.common.Version [main] HCANN000001: Hibernate Commons Annotations {5.0.4.Final}
2019-10-23 13:02:41,935 INFO org.hibernate.dialect.Dialect [main] HHH000400: Using dialect: org.hibernate.dialect.MySQL5Dialect
2019-10-23 13:02:47,126 INFO org.hibernate.hql.internal.QueryTranslatorFactoryInitiator [main] HHH000397: Using ASTQueryTranslatorFactory
2019-10-23 13:02:49,511 INFO com.EMS.TimetrackerApplication [main] Started TimetrackerApplication in 11.94 seconds (JVM running for 12.446)
2019-10-23 13:02:49,638 INFO org.apache.catalina.core.ContainerBase.[Tomcat].[localhost].[/] [http-nio-8080-exec-10] Initializing Spring DispatcherServlet 'dispatcherServlet'
2019-10-23 13:43:40,550 WARN com.zaxxer.hikari.pool.HikariPool [HikariPool-1 housekeeper] HikariPool-1 - Thread starvation or clock leap detected (housekeeper delta=59s54ms917µs100ns).
2019-10-23 14:39:58,250 INFO com.EMS.TimetrackerApplication [main] Starting TimetrackerApplication on TID003 with PID 12568 (D:\EMS-GIT\target\classes started by r.renjith in D:\EMS-GIT)
2019-10-23 14:39:58,254 DEBUG com.EMS.TimetrackerApplication [main] Running with Spring Boot v2.1.3.RELEASE, Spring v5.1.5.RELEASE
2019-10-23 14:39:58,255 INFO com.EMS.TimetrackerApplication [main] No active profile set, falling back to default profiles: default
2019-10-23 14:40:01,129 INFO org.apache.catalina.core.StandardService [main] Starting service [Tomcat]
2019-10-23 14:40:01,129 INFO org.apache.catalina.core.StandardEngine [main] Starting Servlet engine: [Apache Tomcat/9.0.16]
2019-10-23 14:40:01,141 INFO org.apache.catalina.core.AprLifecycleListener [main] The APR based Apache Tomcat Native library which allows optimal performance in production environments was not found on the java.library.path: [C:\Program Files\Java\jre1.8.0_231\bin;C:\WINDOWS\Sun\Java\bin;C:\WINDOWS\system32;C:\WINDOWS;C:/Program Files/Java/jre1.8.0_231/bin/server;C:/Program Files/Java/jre1.8.0_231/bin;C:/Program Files/Java/jre1.8.0_231/lib/amd64;C:\ProgramData\Anaconda3;C:\ProgramData\Anaconda3\Library\mingw-w64\bin;C:\ProgramData\Anaconda3\Library\usr\bin;C:\ProgramData\Anaconda3\Library\bin;C:\ProgramData\Anaconda3\Scripts;C:\Program Files (x86)\Common Files\Oracle\Java\javapath;C:\WINDOWS\system32;C:\WINDOWS;C:\WINDOWS\System32\Wbem;C:\WINDOWS\System32\WindowsPowerShell\v1.0\;C:\WINDOWS\System32\OpenSSH\;C:\Program Files\PuTTY\;C:\Program Files\Java\jre1.8.0_201\bin;C:\Program Files\Amazon\AWSCLI\bin\;C:\zookeeper-3.5.4\bin;C:\MinGW\bin;C:\Program Files (x86)\Gow\bin;C:\spark\spark\bin;C:\spark\scala\bin;C:\Program Files (x86)\Jitterbit Agent\bin;C:\Program Files (x86)\Jitterbit Agent\axis\lib;C:\Users\r.renjith\AppData\Local\Microsoft\WindowsApps;C:\Users\r.renjith\AppData\Local\Programs\Git\cmd;D:\EMS\eclipse;;.]
2019-10-23 14:40:01,264 INFO org.apache.catalina.core.ContainerBase.[Tomcat].[localhost].[/] [main] Initializing Spring embedded WebApplicationContext
2019-10-23 14:40:01,457 INFO com.zaxxer.hikari.HikariDataSource [main] HikariPool-1 - Starting...
2019-10-23 14:40:02,021 INFO com.zaxxer.hikari.HikariDataSource [main] HikariPool-1 - Start completed.
2019-10-23 14:40:02,086 INFO org.hibernate.jpa.internal.util.LogHelper [main] HHH000204: Processing PersistenceUnitInfo [
	name: default
	...]
2019-10-23 14:40:02,214 INFO org.hibernate.Version [main] HHH000412: Hibernate Core {5.3.7.Final}
2019-10-23 14:40:02,216 INFO org.hibernate.cfg.Environment [main] HHH000206: hibernate.properties not found
2019-10-23 14:40:02,460 INFO org.hibernate.annotations.common.Version [main] HCANN000001: Hibernate Commons Annotations {5.0.4.Final}
2019-10-23 14:40:02,677 INFO org.hibernate.dialect.Dialect [main] HHH000400: Using dialect: org.hibernate.dialect.MySQL5Dialect
2019-10-23 14:40:07,841 INFO org.hibernate.hql.internal.QueryTranslatorFactoryInitiator [main] HHH000397: Using ASTQueryTranslatorFactory
2019-10-23 14:40:09,602 INFO com.EMS.TimetrackerApplication [main] Started TimetrackerApplication in 11.781 seconds (JVM running for 12.387)
2019-10-23 14:40:28,515 INFO org.apache.catalina.core.ContainerBase.[Tomcat].[localhost].[/] [http-nio-8080-exec-1] Initializing Spring DispatcherServlet 'dispatcherServlet'
2019-10-23 14:40:34,878 INFO com.EMS.controller.LoginController [http-nio-8080-exec-3] User Authentication Success
2019-10-23 14:44:09,920 INFO com.EMS.TimetrackerApplication [main] Starting TimetrackerApplication on TID003 with PID 15904 (D:\EMS-GIT\target\classes started by r.renjith in D:\EMS-GIT)
2019-10-23 14:44:09,923 DEBUG com.EMS.TimetrackerApplication [main] Running with Spring Boot v2.1.3.RELEASE, Spring v5.1.5.RELEASE
2019-10-23 14:44:09,924 INFO com.EMS.TimetrackerApplication [main] No active profile set, falling back to default profiles: default
2019-10-23 14:44:12,992 INFO org.apache.catalina.core.StandardService [main] Starting service [Tomcat]
2019-10-23 14:44:12,993 INFO org.apache.catalina.core.StandardEngine [main] Starting Servlet engine: [Apache Tomcat/9.0.16]
2019-10-23 14:44:13,004 INFO org.apache.catalina.core.AprLifecycleListener [main] The APR based Apache Tomcat Native library which allows optimal performance in production environments was not found on the java.library.path: [C:\Program Files\Java\jre1.8.0_231\bin;C:\WINDOWS\Sun\Java\bin;C:\WINDOWS\system32;C:\WINDOWS;C:/Program Files/Java/jre1.8.0_231/bin/server;C:/Program Files/Java/jre1.8.0_231/bin;C:/Program Files/Java/jre1.8.0_231/lib/amd64;C:\ProgramData\Anaconda3;C:\ProgramData\Anaconda3\Library\mingw-w64\bin;C:\ProgramData\Anaconda3\Library\usr\bin;C:\ProgramData\Anaconda3\Library\bin;C:\ProgramData\Anaconda3\Scripts;C:\Program Files (x86)\Common Files\Oracle\Java\javapath;C:\WINDOWS\system32;C:\WINDOWS;C:\WINDOWS\System32\Wbem;C:\WINDOWS\System32\WindowsPowerShell\v1.0\;C:\WINDOWS\System32\OpenSSH\;C:\Program Files\PuTTY\;C:\Program Files\Java\jre1.8.0_201\bin;C:\Program Files\Amazon\AWSCLI\bin\;C:\zookeeper-3.5.4\bin;C:\MinGW\bin;C:\Program Files (x86)\Gow\bin;C:\spark\spark\bin;C:\spark\scala\bin;C:\Program Files (x86)\Jitterbit Agent\bin;C:\Program Files (x86)\Jitterbit Agent\axis\lib;C:\Users\r.renjith\AppData\Local\Microsoft\WindowsApps;C:\Users\r.renjith\AppData\Local\Programs\Git\cmd;D:\EMS\eclipse;;.]
2019-10-23 14:44:13,136 INFO org.apache.catalina.core.ContainerBase.[Tomcat].[localhost].[/] [main] Initializing Spring embedded WebApplicationContext
2019-10-23 14:44:13,346 INFO com.zaxxer.hikari.HikariDataSource [main] HikariPool-1 - Starting...
2019-10-23 14:44:13,891 INFO com.zaxxer.hikari.HikariDataSource [main] HikariPool-1 - Start completed.
2019-10-23 14:44:13,962 INFO org.hibernate.jpa.internal.util.LogHelper [main] HHH000204: Processing PersistenceUnitInfo [
	name: default
	...]
2019-10-23 14:44:14,122 INFO org.hibernate.Version [main] HHH000412: Hibernate Core {5.3.7.Final}
2019-10-23 14:44:14,123 INFO org.hibernate.cfg.Environment [main] HHH000206: hibernate.properties not found
2019-10-23 14:44:14,376 INFO org.hibernate.annotations.common.Version [main] HCANN000001: Hibernate Commons Annotations {5.0.4.Final}
2019-10-23 14:44:14,595 INFO org.hibernate.dialect.Dialect [main] HHH000400: Using dialect: org.hibernate.dialect.MySQL5Dialect
2019-10-23 14:44:19,778 INFO org.hibernate.hql.internal.QueryTranslatorFactoryInitiator [main] HHH000397: Using ASTQueryTranslatorFactory
2019-10-23 14:44:21,836 INFO com.EMS.TimetrackerApplication [main] Started TimetrackerApplication in 12.362 seconds (JVM running for 12.928)
2019-10-23 14:44:23,286 INFO org.apache.catalina.core.ContainerBase.[Tomcat].[localhost].[/] [http-nio-8080-exec-1] Initializing Spring DispatcherServlet 'dispatcherServlet'
2019-10-23 14:57:57,420 INFO com.EMS.TimetrackerApplication [main] Starting TimetrackerApplication on TID003 with PID 4016 (D:\EMS-GIT\target\classes started by r.renjith in D:\EMS-GIT)
2019-10-23 14:57:57,426 DEBUG com.EMS.TimetrackerApplication [main] Running with Spring Boot v2.1.3.RELEASE, Spring v5.1.5.RELEASE
2019-10-23 14:57:57,427 INFO com.EMS.TimetrackerApplication [main] No active profile set, falling back to default profiles: default
2019-10-23 14:57:59,948 INFO org.apache.catalina.core.StandardService [main] Starting service [Tomcat]
2019-10-23 14:57:59,949 INFO org.apache.catalina.core.StandardEngine [main] Starting Servlet engine: [Apache Tomcat/9.0.16]
2019-10-23 14:57:59,963 INFO org.apache.catalina.core.AprLifecycleListener [main] The APR based Apache Tomcat Native library which allows optimal performance in production environments was not found on the java.library.path: [C:\Program Files\Java\jre1.8.0_231\bin;C:\WINDOWS\Sun\Java\bin;C:\WINDOWS\system32;C:\WINDOWS;C:/Program Files/Java/jre1.8.0_231/bin/server;C:/Program Files/Java/jre1.8.0_231/bin;C:/Program Files/Java/jre1.8.0_231/lib/amd64;C:\ProgramData\Anaconda3;C:\ProgramData\Anaconda3\Library\mingw-w64\bin;C:\ProgramData\Anaconda3\Library\usr\bin;C:\ProgramData\Anaconda3\Library\bin;C:\ProgramData\Anaconda3\Scripts;C:\Program Files (x86)\Common Files\Oracle\Java\javapath;C:\WINDOWS\system32;C:\WINDOWS;C:\WINDOWS\System32\Wbem;C:\WINDOWS\System32\WindowsPowerShell\v1.0\;C:\WINDOWS\System32\OpenSSH\;C:\Program Files\PuTTY\;C:\Program Files\Java\jre1.8.0_201\bin;C:\Program Files\Amazon\AWSCLI\bin\;C:\zookeeper-3.5.4\bin;C:\MinGW\bin;C:\Program Files (x86)\Gow\bin;C:\spark\spark\bin;C:\spark\scala\bin;C:\Program Files (x86)\Jitterbit Agent\bin;C:\Program Files (x86)\Jitterbit Agent\axis\lib;C:\Users\r.renjith\AppData\Local\Microsoft\WindowsApps;C:\Users\r.renjith\AppData\Local\Programs\Git\cmd;D:\EMS\eclipse;;.]
2019-10-23 14:58:00,105 INFO org.apache.catalina.core.ContainerBase.[Tomcat].[localhost].[/] [main] Initializing Spring embedded WebApplicationContext
2019-10-23 14:58:00,318 INFO com.zaxxer.hikari.HikariDataSource [main] HikariPool-1 - Starting...
2019-10-23 14:58:00,877 INFO com.zaxxer.hikari.HikariDataSource [main] HikariPool-1 - Start completed.
2019-10-23 14:58:00,946 INFO org.hibernate.jpa.internal.util.LogHelper [main] HHH000204: Processing PersistenceUnitInfo [
	name: default
	...]
2019-10-23 14:58:01,122 INFO org.hibernate.Version [main] HHH000412: Hibernate Core {5.3.7.Final}
2019-10-23 14:58:01,124 INFO org.hibernate.cfg.Environment [main] HHH000206: hibernate.properties not found
2019-10-23 14:58:01,349 INFO org.hibernate.annotations.common.Version [main] HCANN000001: Hibernate Commons Annotations {5.0.4.Final}
2019-10-23 14:58:01,578 INFO org.hibernate.dialect.Dialect [main] HHH000400: Using dialect: org.hibernate.dialect.MySQL5Dialect
2019-10-23 14:58:06,613 INFO org.hibernate.hql.internal.QueryTranslatorFactoryInitiator [main] HHH000397: Using ASTQueryTranslatorFactory
2019-10-23 14:58:08,896 INFO com.EMS.TimetrackerApplication [main] Started TimetrackerApplication in 11.92 seconds (JVM running for 12.536)
2019-10-23 14:58:09,105 INFO org.apache.catalina.core.ContainerBase.[Tomcat].[localhost].[/] [http-nio-8080-exec-1] Initializing Spring DispatcherServlet 'dispatcherServlet'
2019-10-23 15:04:35,374 INFO com.EMS.TimetrackerApplication [main] Starting TimetrackerApplication on TID003 with PID 8496 (D:\EMS-GIT\target\classes started by r.renjith in D:\EMS-GIT)
2019-10-23 15:04:35,387 DEBUG com.EMS.TimetrackerApplication [main] Running with Spring Boot v2.1.3.RELEASE, Spring v5.1.5.RELEASE
2019-10-23 15:04:35,387 INFO com.EMS.TimetrackerApplication [main] No active profile set, falling back to default profiles: default
2019-10-23 15:04:37,777 INFO org.apache.catalina.core.StandardService [main] Starting service [Tomcat]
2019-10-23 15:04:37,777 INFO org.apache.catalina.core.StandardEngine [main] Starting Servlet engine: [Apache Tomcat/9.0.16]
2019-10-23 15:04:37,790 INFO org.apache.catalina.core.AprLifecycleListener [main] The APR based Apache Tomcat Native library which allows optimal performance in production environments was not found on the java.library.path: [C:\Program Files\Java\jre1.8.0_231\bin;C:\WINDOWS\Sun\Java\bin;C:\WINDOWS\system32;C:\WINDOWS;C:/Program Files/Java/jre1.8.0_231/bin/server;C:/Program Files/Java/jre1.8.0_231/bin;C:/Program Files/Java/jre1.8.0_231/lib/amd64;C:\ProgramData\Anaconda3;C:\ProgramData\Anaconda3\Library\mingw-w64\bin;C:\ProgramData\Anaconda3\Library\usr\bin;C:\ProgramData\Anaconda3\Library\bin;C:\ProgramData\Anaconda3\Scripts;C:\Program Files (x86)\Common Files\Oracle\Java\javapath;C:\WINDOWS\system32;C:\WINDOWS;C:\WINDOWS\System32\Wbem;C:\WINDOWS\System32\WindowsPowerShell\v1.0\;C:\WINDOWS\System32\OpenSSH\;C:\Program Files\PuTTY\;C:\Program Files\Java\jre1.8.0_201\bin;C:\Program Files\Amazon\AWSCLI\bin\;C:\zookeeper-3.5.4\bin;C:\MinGW\bin;C:\Program Files (x86)\Gow\bin;C:\spark\spark\bin;C:\spark\scala\bin;C:\Program Files (x86)\Jitterbit Agent\bin;C:\Program Files (x86)\Jitterbit Agent\axis\lib;C:\Users\r.renjith\AppData\Local\Microsoft\WindowsApps;C:\Users\r.renjith\AppData\Local\Programs\Git\cmd;D:\EMS\eclipse;;.]
2019-10-23 15:04:37,924 INFO org.apache.catalina.core.ContainerBase.[Tomcat].[localhost].[/] [main] Initializing Spring embedded WebApplicationContext
2019-10-23 15:04:38,133 INFO com.zaxxer.hikari.HikariDataSource [main] HikariPool-1 - Starting...
2019-10-23 15:04:38,650 INFO com.zaxxer.hikari.HikariDataSource [main] HikariPool-1 - Start completed.
2019-10-23 15:04:38,717 INFO org.hibernate.jpa.internal.util.LogHelper [main] HHH000204: Processing PersistenceUnitInfo [
	name: default
	...]
2019-10-23 15:04:38,862 INFO org.hibernate.Version [main] HHH000412: Hibernate Core {5.3.7.Final}
2019-10-23 15:04:38,864 INFO org.hibernate.cfg.Environment [main] HHH000206: hibernate.properties not found
2019-10-23 15:04:39,122 INFO org.hibernate.annotations.common.Version [main] HCANN000001: Hibernate Commons Annotations {5.0.4.Final}
2019-10-23 15:04:39,369 INFO org.hibernate.dialect.Dialect [main] HHH000400: Using dialect: org.hibernate.dialect.MySQL5Dialect
2019-10-23 15:04:44,739 INFO org.hibernate.hql.internal.QueryTranslatorFactoryInitiator [main] HHH000397: Using ASTQueryTranslatorFactory
2019-10-23 15:04:47,106 INFO com.EMS.TimetrackerApplication [main] Started TimetrackerApplication in 12.163 seconds (JVM running for 12.693)
2019-10-23 15:04:47,351 INFO org.apache.catalina.core.ContainerBase.[Tomcat].[localhost].[/] [http-nio-8080-exec-1] Initializing Spring DispatcherServlet 'dispatcherServlet'
2019-10-23 15:07:45,292 INFO com.EMS.TimetrackerApplication [main] Starting TimetrackerApplication on TID003 with PID 16244 (D:\EMS-GIT\target\classes started by r.renjith in D:\EMS-GIT)
2019-10-23 15:07:45,295 DEBUG com.EMS.TimetrackerApplication [main] Running with Spring Boot v2.1.3.RELEASE, Spring v5.1.5.RELEASE
2019-10-23 15:07:45,296 INFO com.EMS.TimetrackerApplication [main] No active profile set, falling back to default profiles: default
2019-10-23 15:07:47,809 INFO org.apache.catalina.core.StandardService [main] Starting service [Tomcat]
2019-10-23 15:07:47,810 INFO org.apache.catalina.core.StandardEngine [main] Starting Servlet engine: [Apache Tomcat/9.0.16]
2019-10-23 15:07:47,821 INFO org.apache.catalina.core.AprLifecycleListener [main] The APR based Apache Tomcat Native library which allows optimal performance in production environments was not found on the java.library.path: [C:\Program Files\Java\jre1.8.0_231\bin;C:\WINDOWS\Sun\Java\bin;C:\WINDOWS\system32;C:\WINDOWS;C:/Program Files/Java/jre1.8.0_231/bin/server;C:/Program Files/Java/jre1.8.0_231/bin;C:/Program Files/Java/jre1.8.0_231/lib/amd64;C:\ProgramData\Anaconda3;C:\ProgramData\Anaconda3\Library\mingw-w64\bin;C:\ProgramData\Anaconda3\Library\usr\bin;C:\ProgramData\Anaconda3\Library\bin;C:\ProgramData\Anaconda3\Scripts;C:\Program Files (x86)\Common Files\Oracle\Java\javapath;C:\WINDOWS\system32;C:\WINDOWS;C:\WINDOWS\System32\Wbem;C:\WINDOWS\System32\WindowsPowerShell\v1.0\;C:\WINDOWS\System32\OpenSSH\;C:\Program Files\PuTTY\;C:\Program Files\Java\jre1.8.0_201\bin;C:\Program Files\Amazon\AWSCLI\bin\;C:\zookeeper-3.5.4\bin;C:\MinGW\bin;C:\Program Files (x86)\Gow\bin;C:\spark\spark\bin;C:\spark\scala\bin;C:\Program Files (x86)\Jitterbit Agent\bin;C:\Program Files (x86)\Jitterbit Agent\axis\lib;C:\Users\r.renjith\AppData\Local\Microsoft\WindowsApps;C:\Users\r.renjith\AppData\Local\Programs\Git\cmd;D:\EMS\eclipse;;.]
2019-10-23 15:07:47,960 INFO org.apache.catalina.core.ContainerBase.[Tomcat].[localhost].[/] [main] Initializing Spring embedded WebApplicationContext
2019-10-23 15:07:48,155 INFO com.zaxxer.hikari.HikariDataSource [main] HikariPool-1 - Starting...
2019-10-23 15:07:48,726 INFO com.zaxxer.hikari.HikariDataSource [main] HikariPool-1 - Start completed.
2019-10-23 15:07:48,795 INFO org.hibernate.jpa.internal.util.LogHelper [main] HHH000204: Processing PersistenceUnitInfo [
	name: default
	...]
2019-10-23 15:07:48,915 INFO org.hibernate.Version [main] HHH000412: Hibernate Core {5.3.7.Final}
2019-10-23 15:07:48,916 INFO org.hibernate.cfg.Environment [main] HHH000206: hibernate.properties not found
2019-10-23 15:07:49,181 INFO org.hibernate.annotations.common.Version [main] HCANN000001: Hibernate Commons Annotations {5.0.4.Final}
2019-10-23 15:07:49,407 INFO org.hibernate.dialect.Dialect [main] HHH000400: Using dialect: org.hibernate.dialect.MySQL5Dialect
2019-10-23 15:07:54,485 INFO org.hibernate.hql.internal.QueryTranslatorFactoryInitiator [main] HHH000397: Using ASTQueryTranslatorFactory
2019-10-23 15:07:56,469 INFO com.EMS.TimetrackerApplication [main] Started TimetrackerApplication in 11.618 seconds (JVM running for 12.132)
2019-10-23 15:08:00,067 INFO org.apache.catalina.core.ContainerBase.[Tomcat].[localhost].[/] [http-nio-8080-exec-1] Initializing Spring DispatcherServlet 'dispatcherServlet'
2019-10-23 15:11:36,482 INFO com.EMS.TimetrackerApplication [main] Starting TimetrackerApplication on TID003 with PID 11076 (D:\EMS-GIT\target\classes started by r.renjith in D:\EMS-GIT)
2019-10-23 15:11:36,486 DEBUG com.EMS.TimetrackerApplication [main] Running with Spring Boot v2.1.3.RELEASE, Spring v5.1.5.RELEASE
2019-10-23 15:11:36,487 INFO com.EMS.TimetrackerApplication [main] No active profile set, falling back to default profiles: default
2019-10-23 15:11:38,847 INFO org.apache.catalina.core.StandardService [main] Starting service [Tomcat]
2019-10-23 15:11:38,848 INFO org.apache.catalina.core.StandardEngine [main] Starting Servlet engine: [Apache Tomcat/9.0.16]
2019-10-23 15:11:38,860 INFO org.apache.catalina.core.AprLifecycleListener [main] The APR based Apache Tomcat Native library which allows optimal performance in production environments was not found on the java.library.path: [C:\Program Files\Java\jre1.8.0_231\bin;C:\WINDOWS\Sun\Java\bin;C:\WINDOWS\system32;C:\WINDOWS;C:/Program Files/Java/jre1.8.0_231/bin/server;C:/Program Files/Java/jre1.8.0_231/bin;C:/Program Files/Java/jre1.8.0_231/lib/amd64;C:\ProgramData\Anaconda3;C:\ProgramData\Anaconda3\Library\mingw-w64\bin;C:\ProgramData\Anaconda3\Library\usr\bin;C:\ProgramData\Anaconda3\Library\bin;C:\ProgramData\Anaconda3\Scripts;C:\Program Files (x86)\Common Files\Oracle\Java\javapath;C:\WINDOWS\system32;C:\WINDOWS;C:\WINDOWS\System32\Wbem;C:\WINDOWS\System32\WindowsPowerShell\v1.0\;C:\WINDOWS\System32\OpenSSH\;C:\Program Files\PuTTY\;C:\Program Files\Java\jre1.8.0_201\bin;C:\Program Files\Amazon\AWSCLI\bin\;C:\zookeeper-3.5.4\bin;C:\MinGW\bin;C:\Program Files (x86)\Gow\bin;C:\spark\spark\bin;C:\spark\scala\bin;C:\Program Files (x86)\Jitterbit Agent\bin;C:\Program Files (x86)\Jitterbit Agent\axis\lib;C:\Users\r.renjith\AppData\Local\Microsoft\WindowsApps;C:\Users\r.renjith\AppData\Local\Programs\Git\cmd;D:\EMS\eclipse;;.]
2019-10-23 15:11:38,990 INFO org.apache.catalina.core.ContainerBase.[Tomcat].[localhost].[/] [main] Initializing Spring embedded WebApplicationContext
2019-10-23 15:11:39,211 INFO com.zaxxer.hikari.HikariDataSource [main] HikariPool-1 - Starting...
2019-10-23 15:11:39,763 INFO com.zaxxer.hikari.HikariDataSource [main] HikariPool-1 - Start completed.
2019-10-23 15:11:39,832 INFO org.hibernate.jpa.internal.util.LogHelper [main] HHH000204: Processing PersistenceUnitInfo [
	name: default
	...]
2019-10-23 15:11:39,973 INFO org.hibernate.Version [main] HHH000412: Hibernate Core {5.3.7.Final}
2019-10-23 15:11:39,974 INFO org.hibernate.cfg.Environment [main] HHH000206: hibernate.properties not found
2019-10-23 15:11:40,241 INFO org.hibernate.annotations.common.Version [main] HCANN000001: Hibernate Commons Annotations {5.0.4.Final}
2019-10-23 15:11:40,471 INFO org.hibernate.dialect.Dialect [main] HHH000400: Using dialect: org.hibernate.dialect.MySQL5Dialect
2019-10-23 15:11:45,664 INFO org.hibernate.hql.internal.QueryTranslatorFactoryInitiator [main] HHH000397: Using ASTQueryTranslatorFactory
2019-10-23 15:11:47,996 INFO com.EMS.TimetrackerApplication [main] Started TimetrackerApplication in 11.937 seconds (JVM running for 12.485)
2019-10-23 15:11:48,268 INFO org.apache.catalina.core.ContainerBase.[Tomcat].[localhost].[/] [http-nio-8080-exec-1] Initializing Spring DispatcherServlet 'dispatcherServlet'
2019-10-23 15:16:02,436 INFO com.EMS.TimetrackerApplication [main] Starting TimetrackerApplication on TID003 with PID 12508 (D:\EMS-GIT\target\classes started by r.renjith in D:\EMS-GIT)
2019-10-23 15:16:02,447 DEBUG com.EMS.TimetrackerApplication [main] Running with Spring Boot v2.1.3.RELEASE, Spring v5.1.5.RELEASE
2019-10-23 15:16:02,448 INFO com.EMS.TimetrackerApplication [main] No active profile set, falling back to default profiles: default
2019-10-23 15:16:04,745 INFO org.apache.catalina.core.StandardService [main] Starting service [Tomcat]
2019-10-23 15:16:04,746 INFO org.apache.catalina.core.StandardEngine [main] Starting Servlet engine: [Apache Tomcat/9.0.16]
2019-10-23 15:16:04,759 INFO org.apache.catalina.core.AprLifecycleListener [main] The APR based Apache Tomcat Native library which allows optimal performance in production environments was not found on the java.library.path: [C:\Program Files\Java\jre1.8.0_231\bin;C:\WINDOWS\Sun\Java\bin;C:\WINDOWS\system32;C:\WINDOWS;C:/Program Files/Java/jre1.8.0_231/bin/server;C:/Program Files/Java/jre1.8.0_231/bin;C:/Program Files/Java/jre1.8.0_231/lib/amd64;C:\ProgramData\Anaconda3;C:\ProgramData\Anaconda3\Library\mingw-w64\bin;C:\ProgramData\Anaconda3\Library\usr\bin;C:\ProgramData\Anaconda3\Library\bin;C:\ProgramData\Anaconda3\Scripts;C:\Program Files (x86)\Common Files\Oracle\Java\javapath;C:\WINDOWS\system32;C:\WINDOWS;C:\WINDOWS\System32\Wbem;C:\WINDOWS\System32\WindowsPowerShell\v1.0\;C:\WINDOWS\System32\OpenSSH\;C:\Program Files\PuTTY\;C:\Program Files\Java\jre1.8.0_201\bin;C:\Program Files\Amazon\AWSCLI\bin\;C:\zookeeper-3.5.4\bin;C:\MinGW\bin;C:\Program Files (x86)\Gow\bin;C:\spark\spark\bin;C:\spark\scala\bin;C:\Program Files (x86)\Jitterbit Agent\bin;C:\Program Files (x86)\Jitterbit Agent\axis\lib;C:\Users\r.renjith\AppData\Local\Microsoft\WindowsApps;C:\Users\r.renjith\AppData\Local\Programs\Git\cmd;D:\EMS\eclipse;;.]
2019-10-23 15:16:04,909 INFO org.apache.catalina.core.ContainerBase.[Tomcat].[localhost].[/] [main] Initializing Spring embedded WebApplicationContext
2019-10-23 15:16:05,104 INFO com.zaxxer.hikari.HikariDataSource [main] HikariPool-1 - Starting...
2019-10-23 15:16:05,640 INFO com.zaxxer.hikari.HikariDataSource [main] HikariPool-1 - Start completed.
2019-10-23 15:16:05,707 INFO org.hibernate.jpa.internal.util.LogHelper [main] HHH000204: Processing PersistenceUnitInfo [
	name: default
	...]
2019-10-23 15:16:05,880 INFO org.hibernate.Version [main] HHH000412: Hibernate Core {5.3.7.Final}
2019-10-23 15:16:05,882 INFO org.hibernate.cfg.Environment [main] HHH000206: hibernate.properties not found
2019-10-23 15:16:06,113 INFO org.hibernate.annotations.common.Version [main] HCANN000001: Hibernate Commons Annotations {5.0.4.Final}
2019-10-23 15:16:06,329 INFO org.hibernate.dialect.Dialect [main] HHH000400: Using dialect: org.hibernate.dialect.MySQL5Dialect
2019-10-23 15:16:11,281 INFO org.hibernate.hql.internal.QueryTranslatorFactoryInitiator [main] HHH000397: Using ASTQueryTranslatorFactory
2019-10-23 15:16:13,453 INFO com.EMS.TimetrackerApplication [main] Started TimetrackerApplication in 11.449 seconds (JVM running for 12.011)
2019-10-23 15:16:13,579 INFO org.apache.catalina.core.ContainerBase.[Tomcat].[localhost].[/] [http-nio-8080-exec-1] Initializing Spring DispatcherServlet 'dispatcherServlet'
2019-10-23 15:17:27,836 INFO com.EMS.TimetrackerApplication [main] Starting TimetrackerApplication on TID003 with PID 3568 (D:\EMS-GIT\target\classes started by r.renjith in D:\EMS-GIT)
2019-10-23 15:17:27,840 DEBUG com.EMS.TimetrackerApplication [main] Running with Spring Boot v2.1.3.RELEASE, Spring v5.1.5.RELEASE
2019-10-23 15:17:27,840 INFO com.EMS.TimetrackerApplication [main] No active profile set, falling back to default profiles: default
2019-10-23 15:17:30,137 INFO org.apache.catalina.core.StandardService [main] Starting service [Tomcat]
2019-10-23 15:17:30,137 INFO org.apache.catalina.core.StandardEngine [main] Starting Servlet engine: [Apache Tomcat/9.0.16]
2019-10-23 15:17:30,149 INFO org.apache.catalina.core.AprLifecycleListener [main] The APR based Apache Tomcat Native library which allows optimal performance in production environments was not found on the java.library.path: [C:\Program Files\Java\jre1.8.0_231\bin;C:\WINDOWS\Sun\Java\bin;C:\WINDOWS\system32;C:\WINDOWS;C:/Program Files/Java/jre1.8.0_231/bin/server;C:/Program Files/Java/jre1.8.0_231/bin;C:/Program Files/Java/jre1.8.0_231/lib/amd64;C:\ProgramData\Anaconda3;C:\ProgramData\Anaconda3\Library\mingw-w64\bin;C:\ProgramData\Anaconda3\Library\usr\bin;C:\ProgramData\Anaconda3\Library\bin;C:\ProgramData\Anaconda3\Scripts;C:\Program Files (x86)\Common Files\Oracle\Java\javapath;C:\WINDOWS\system32;C:\WINDOWS;C:\WINDOWS\System32\Wbem;C:\WINDOWS\System32\WindowsPowerShell\v1.0\;C:\WINDOWS\System32\OpenSSH\;C:\Program Files\PuTTY\;C:\Program Files\Java\jre1.8.0_201\bin;C:\Program Files\Amazon\AWSCLI\bin\;C:\zookeeper-3.5.4\bin;C:\MinGW\bin;C:\Program Files (x86)\Gow\bin;C:\spark\spark\bin;C:\spark\scala\bin;C:\Program Files (x86)\Jitterbit Agent\bin;C:\Program Files (x86)\Jitterbit Agent\axis\lib;C:\Users\r.renjith\AppData\Local\Microsoft\WindowsApps;C:\Users\r.renjith\AppData\Local\Programs\Git\cmd;D:\EMS\eclipse;;.]
2019-10-23 15:17:30,377 INFO org.apache.catalina.core.ContainerBase.[Tomcat].[localhost].[/] [main] Initializing Spring embedded WebApplicationContext
2019-10-23 15:17:30,568 INFO com.zaxxer.hikari.HikariDataSource [main] HikariPool-1 - Starting...
2019-10-23 15:17:31,118 INFO com.zaxxer.hikari.HikariDataSource [main] HikariPool-1 - Start completed.
2019-10-23 15:17:31,185 INFO org.hibernate.jpa.internal.util.LogHelper [main] HHH000204: Processing PersistenceUnitInfo [
	name: default
	...]
2019-10-23 15:17:31,351 INFO org.hibernate.Version [main] HHH000412: Hibernate Core {5.3.7.Final}
2019-10-23 15:17:31,353 INFO org.hibernate.cfg.Environment [main] HHH000206: hibernate.properties not found
2019-10-23 15:17:31,581 INFO org.hibernate.annotations.common.Version [main] HCANN000001: Hibernate Commons Annotations {5.0.4.Final}
2019-10-23 15:17:31,797 INFO org.hibernate.dialect.Dialect [main] HHH000400: Using dialect: org.hibernate.dialect.MySQL5Dialect
2019-10-23 15:17:36,898 INFO org.hibernate.hql.internal.QueryTranslatorFactoryInitiator [main] HHH000397: Using ASTQueryTranslatorFactory
2019-10-23 15:17:38,920 INFO com.EMS.TimetrackerApplication [main] Started TimetrackerApplication in 11.51 seconds (JVM running for 11.977)
2019-10-23 15:17:41,584 INFO org.apache.catalina.core.ContainerBase.[Tomcat].[localhost].[/] [http-nio-8080-exec-1] Initializing Spring DispatcherServlet 'dispatcherServlet'
